<?xml version="1.0" encoding="UTF-8"?>
<!-- Generated by org.testng.reporters.JUnitReportReporter -->
<testsuite skipped="0" hostname="skylimit" name="pkg.class1" tests="1" failures="0" timestamp="07 Oct 2018 10:31:09 GMT" time="31.543" errors="0">
  <testcase name="testSearch" time="31.543" classname="pkg.class1"/>
</testsuite> <!-- pkg.class1 -->
