<?xml version="1.0" encoding="UTF-8"?>
<!-- Generated by org.testng.reporters.JUnitReportReporter -->
<testsuite skipped="0" hostname="skylimit" name="pkg.Sele_ExceptionHandling" tests="1" failures="0" timestamp="28 Oct 2018 08:20:29 GMT" time="17.061" errors="0">
  <testcase name="testSearch" time="17.061" classname="pkg.Sele_ExceptionHandling"/>
</testsuite> <!-- pkg.Sele_ExceptionHandling -->
